<?xml version="1.0" encoding="UTF-8"?>
<!-- Generated by org.testng.reporters.JUnitReportReporter -->
<testsuite hostname="DESKTOP-MM35KQF" failures="0" tests="1" name="ewf_TestCases.TC_02_Userlogin" time="9.376" errors="0" timestamp="2024-05-13T22:00:59 IST" skipped="0">
  <testcase classname="ewf_TestCases.TC_02_Userlogin" name="loginScreen" time="9.376"/>
</testsuite> <!-- ewf_TestCases.TC_02_Userlogin -->
