<?xml version="1.0" encoding="UTF-8"?>
<!-- Generated by org.testng.reporters.JUnitReportReporter -->
<testsuite hostname="DESKTOP-MM35KQF" failures="0" tests="1" name="ewf_TestCases.TC_01_LoginPage" time="40.831" errors="0" timestamp="2024-05-13T14:38:20 IST" skipped="0">
  <testcase classname="ewf_TestCases.TC_01_LoginPage" name="PopUPscreen" time="40.831"/>
</testsuite> <!-- ewf_TestCases.TC_01_LoginPage -->
