<?xml version="1.0" encoding="UTF-8"?>
<!-- Generated by org.testng.reporters.JUnitReportReporter -->
<testsuite hostname="DESKTOP-MM35KQF" failures="0" tests="1" name="ewf_TestCases.TC_05_TrackingScreen" time="20.191" errors="0" timestamp="2024-05-13T19:43:28 IST" skipped="0">
  <testcase classname="ewf_TestCases.TC_05_TrackingScreen" name="addressScreen" time="20.191"/>
</testsuite> <!-- ewf_TestCases.TC_05_TrackingScreen -->
